<?xml version="1.0" encoding="UTF-8"?>
<testsuite name="CharacterProfileStatusTest" tests="1" skipped="0" failures="0" errors="0" timestamp="2020-11-19T05:46:19" hostname="PARKER" time="0.299">
  <properties/>
  <testcase name="testJsonParser" classname="CharacterProfileStatusTest" time="0.299"/>
  <system-out><![CDATA[]]></system-out>
  <system-err><![CDATA[]]></system-err>
</testsuite>
